[0.026s] Invoking command in '/home/aaf/Software/Dev/robot/ros/brain/build/brain': CMAKE_PREFIX_PATH=/opt/ros/rolling /usr/bin/cmake --build /home/aaf/Software/Dev/robot/ros/brain/build/brain -- -j8 -l8
[0.066s] -- Found ament_cmake: 1.1.4 (/opt/ros/rolling/share/ament_cmake/cmake)
[0.103s] -- Using PYTHON_EXECUTABLE: /usr/bin/python3
[0.192s] -- Found rclcpp: 12.0.0 (/opt/ros/rolling/share/rclcpp/cmake)
[0.249s] -- Using all available rosidl_typesupport_c: rosidl_typesupport_fastrtps_c;rosidl_typesupport_introspection_c
[0.253s] -- Found rosidl_adapter: 2.5.0 (/opt/ros/rolling/share/rosidl_adapter/cmake)
[0.297s] -- Using all available rosidl_typesupport_cpp: rosidl_typesupport_fastrtps_cpp;rosidl_typesupport_introspection_cpp
[0.367s] -- Found rmw_implementation_cmake: 4.0.0 (/opt/ros/rolling/share/rmw_implementation_cmake/cmake)
[0.369s] -- Found rmw_cyclonedds_cpp: 0.23.1 (/opt/ros/rolling/share/rmw_cyclonedds_cpp/cmake)
[0.398s] -- Using RMW implementation 'rmw_cyclonedds_cpp' as default
[0.590s] -- Found rclpy: 3.0.1 (/opt/ros/rolling/share/rclpy/cmake)
[0.591s] -- Found rosidl_default_generators: 1.1.1 (/opt/ros/rolling/share/rosidl_default_generators/cmake)
[0.637s] -- Found PythonInterp: /usr/bin/python3 (found version "3.8.10") 
[0.892s] CMake Error at /opt/ros/rolling/share/rosidl_adapter/cmake/rosidl_adapt_interfaces.cmake:60 (message):
[0.892s]   execute_process(/usr/bin/python3 -m rosidl_adapter --package-name brain
[0.892s]   --arguments-file
[0.892s]   /home/aaf/Software/Dev/robot/ros/brain/build/brain/rosidl_adapter__arguments__brain.json
[0.892s]   --output-dir
[0.892s]   /home/aaf/Software/Dev/robot/ros/brain/build/brain/rosidl_adapter/brain
[0.892s]   --output-file
[0.892s]   /home/aaf/Software/Dev/robot/ros/brain/build/brain/rosidl_adapter/brain.idls)
[0.893s]   returned error code 1:
[0.893s] 
[0.893s]   Traceback (most recent call last):
[0.893s] 
[0.893s]     File "/usr/lib/python3.8/runpy.py", line 194, in _run_module_as_main
[0.893s]       return _run_code(code, main_globals, None,
[0.893s]     File "/usr/lib/python3.8/runpy.py", line 87, in _run_code
[0.893s]       exec(code, run_globals)
[0.893s]     File "/opt/ros/rolling/lib/python3.8/site-packages/rosidl_adapter/__main__.py", line 19, in <module>
[0.893s]       sys.exit(main())
[0.893s]     File "/opt/ros/rolling/lib/python3.8/site-packages/rosidl_adapter/main.py", line 53, in main
[0.894s]       abs_idl_file = convert_to_idl(
[0.894s]     File "/opt/ros/rolling/lib/python3.8/site-packages/rosidl_adapter/__init__.py", line 29, in convert_to_idl
[0.894s]       return convert_action_to_idl(
[0.894s]     File "/opt/ros/rolling/lib/python3.8/site-packages/rosidl_adapter/action/__init__.py", line 28, in convert_action_to_idl
[0.894s]       action = parse_action_string(package_name, input_file.stem, content)
[0.894s]     File "/opt/ros/rolling/lib/python3.8/site-packages/rosidl_adapter/parser.py", line 896, in parse_action_string
[0.894s]       goal_message = parse_message_string(
[0.894s]     File "/opt/ros/rolling/lib/python3.8/site-packages/rosidl_adapter/parser.py", line 541, in parse_message_string
[0.894s]       msg = MessageSpecification(pkg_name, msg_name, fields, constants)
[0.894s]     File "/opt/ros/rolling/lib/python3.8/site-packages/rosidl_adapter/parser.py", line 388, in __init__
[0.895s]       self.base_type = BaseType(
[0.895s]     File "/opt/ros/rolling/lib/python3.8/site-packages/rosidl_adapter/parser.py", line 205, in __init__
[0.895s]       raise InvalidResourceName(
[0.895s] 
[0.895s]   rosidl_adapter.parser.InvalidResourceName: 'led_21_on_Goal' is an invalid
[0.895s]   message name.  It should have the pattern '^[A-Z][A-Za-z0-9]*$'
[0.895s] 
[0.895s] Call Stack (most recent call first):
[0.896s]   /opt/ros/rolling/share/rosidl_cmake/cmake/rosidl_generate_interfaces.cmake:130 (rosidl_adapt_interfaces)
[0.896s]   CMakeLists.txt:47 (rosidl_generate_interfaces)
[0.896s] 
[0.896s] 
[0.896s] -- Configuring incomplete, errors occurred!
[0.896s] See also "/home/aaf/Software/Dev/robot/ros/brain/build/brain/CMakeFiles/CMakeOutput.log".
[0.896s] See also "/home/aaf/Software/Dev/robot/ros/brain/build/brain/CMakeFiles/CMakeError.log".
[0.904s] make: *** [Makefile:266: cmake_check_build_system] Error 1
[0.906s] Invoked command in '/home/aaf/Software/Dev/robot/ros/brain/build/brain' returned '2': CMAKE_PREFIX_PATH=/opt/ros/rolling /usr/bin/cmake --build /home/aaf/Software/Dev/robot/ros/brain/build/brain -- -j8 -l8
